commit da1285d09f6c0db11e571b0fcf24d2075ea000cf
Author: Luis Garcia <garcia.jancko.luis@gmail.com>
Date:   Sat May 2 13:09:53 2020 -0400

    Caracteristica 5 - R1

commit bf33b8bdbbcfa42ad05594d70e6af2935ea122ab
Author: Luis Garcia <garcia.jancko.luis@gmail.com>
Date:   Sat May 2 13:08:29 2020 -0400

    Caracteristica 4 - R1

commit 923b57f3cc7fc88d26207ab76c8998dc05ca8546
Author: Luis Garcia <garcia.jancko.luis@gmail.com>
Date:   Sat May 2 13:07:04 2020 -0400

    Caracteristica 3 - R1

commit a6fc726022b0d0a8da0307718ccf87c669c825bb
Author: Luis Garcia <garcia.jancko.luis@gmail.com>
Date:   Sat May 2 13:05:21 2020 -0400

    Caracteristica 2 - R1

commit 1eb12bdf02309684354148c2e4055b2ca54d4f30
Author: Luis Garcia <garcia.jancko.luis@gmail.com>
Date:   Sat May 2 13:03:19 2020 -0400

    Caracteristica 1 - R1

commit 618593bce1f6f93820aec8034ac842d82ad4b256
Author: Luis Garcia <garcia.jancko.luis@gmail.com>
Date:   Sat May 2 12:59:38 2020 -0400

    Este es el commit inicial del proyecto
